0 verbose cli D:\Arquivos de Programas\nodejs\node.exe D:\Arquivos de Programas\nodejs\node_modules\npm\bin\npm-cli.js
1 info using npm@9.5.1
2 info using node@v18.16.0
3 timing npm:load:whichnode Completed in 4ms
4 timing config:load:defaults Completed in 3ms
5 timing config:load:file:D:\Arquivos de Programas\nodejs\node_modules\npm\npmrc Completed in 3ms
6 timing config:load:builtin Completed in 3ms
7 timing config:load:cli Completed in 2ms
8 timing config:load:env Completed in 3ms
9 timing config:load:project Completed in 2ms
10 warn config tmp This setting is no longer used.  npm stores temporary files in a special
10 warn config location in the cache, and they are managed by
10 warn config     [`cacache`](http://npm.im/cacache).
11 timing config:load:file:C:\Users\Tiago\.npmrc Completed in 1ms
12 timing config:load:user Completed in 1ms
13 timing config:load:file:C:\Users\Tiago\AppData\Roaming\npm\etc\npmrc Completed in 1ms
14 timing config:load:global Completed in 1ms
15 timing config:load:setEnvs Completed in 1ms
16 timing config:load Completed in 18ms
17 timing npm:load:configload Completed in 18ms
18 timing npm:load:mkdirpcache Completed in 1ms
19 timing npm:load:mkdirplogs Completed in 0ms
20 verbose title npm prefix
21 verbose argv "prefix" "--global"
22 timing npm:load:setTitle Completed in 2ms
23 timing config:load:flatten Completed in 31ms
24 timing npm:load:display Completed in 35ms
25 verbose logfile logs-max:10 dir:D:\Projetos\Angular\genesis-roms\npm_temp\_logs\2023-06-05T13_36_22_032Z-
26 verbose logfile D:\Projetos\Angular\genesis-roms\npm_temp\_logs\2023-06-05T13_36_22_032Z-debug-0.log
27 timing npm:load:logFile Completed in 15ms
28 timing npm:load:timers Completed in 0ms
29 timing npm:load:configScope Completed in 0ms
30 timing npm:load Completed in 76ms
31 timing command:prefix Completed in 3ms
32 verbose exit 0
33 timing npm Completed in 100ms
34 info ok
